#
# There is insufficient memory for the Java Runtime Environment to continue.
# Native memory allocation (malloc) failed to allocate 335056 bytes for Chunk::new
# Possible reasons:
#   The system is out of physical RAM or swap space
#   The process is running with CompressedOops enabled, and the Java Heap may be blocking the growth of the native heap
# Possible solutions:
#   Reduce memory load on the system
#   Increase physical memory or swap space
#   Check if swap backing store is full
#   Decrease Java heap size (-Xmx/-Xms)
#   Decrease number of Java threads
#   Decrease Java thread stack sizes (-Xss)
#   Set larger code cache with -XX:ReservedCodeCacheSize=
#   JVM is running with Zero Based Compressed Oops mode in which the Java heap is
#     placed in the first 32GB address space. The Java Heap base address is the
#     maximum limit for the native heap growth. Please use -XX:HeapBaseMinAddress
#     to set the Java Heap base and to place the Java Heap above 32GB virtual address.
# This output file may be truncated or incomplete.
#
#  Out of Memory Error (t:/workspace/open/src/hotspot/share/memory/arena.cpp:197), pid=11344, tid=8924
#
# JRE version: OpenJDK Runtime Environment (11.0.2+9) (build 11.0.2+9)
# Java VM: OpenJDK 64-Bit Server VM (11.0.2+9, mixed mode, tiered, compressed oops, g1 gc, windows-amd64)
# No core dump will be written. Minidumps are not enabled by default on client versions of Windows
#

---------------  S U M M A R Y ------------

Command Line: -Dmaven.multiModuleProjectDirectory=D:\java\geekBrains\Spring Framework\homeWork\spring-the-first -Xmx4096M -Dmaven.home=C:\Program Files\JetBrains\IntelliJ IDEA 2021.2.2\plugins\maven\lib\maven3 -Dclassworlds.conf=C:\Program Files\JetBrains\IntelliJ IDEA 2021.2.2\plugins\maven\lib\maven3\bin\m2.conf -Dmaven.ext.class.path=C:\Program Files\JetBrains\IntelliJ IDEA 2021.2.2\plugins\maven\lib\maven-event-listener.jar -javaagent:C:\Program Files\JetBrains\IntelliJ IDEA 2021.2.2\lib\idea_rt.jar=62713:C:\Program Files\JetBrains\IntelliJ IDEA 2021.2.2\bin -Dfile.encoding=UTF-8 org.codehaus.classworlds.Launcher -Didea.version=2021.2.2 clean install tomcat7:redeploy

Host: Intel(R) Core(TM) i5-4210U CPU @ 1.70GHz, 4 cores, 5G,  Windows 10 , 64 bit Build 19041 (10.0.19041.1503)
Time: Wed Mar 16 10:48:33 2022 RTZ 4 (зима) elapsed time: 0 seconds (0d 0h 0m 0s)

---------------  T H R E A D  ---------------

Current thread (0x0000020b63aec800):  JavaThread "C2 CompilerThread1" daemon [_thread_in_native, id=8924, stack(0x0000005cc4100000,0x0000005cc4200000)]


Current CompileTask:
C2:    766  469       4       java.util.HashMap::putVal (300 bytes)

Stack: [0x0000005cc4100000,0x0000005cc4200000]
Native frames: (J=compiled Java code, j=interpreted, Vv=VM code, C=native code)
V  [jvm.dll+0x63489a]
V  [jvm.dll+0x771f9f]
V  [jvm.dll+0x773648]
V  [jvm.dll+0x773d03]
V  [jvm.dll+0x25eba8]
V  [jvm.dll+0xc2191]
V  [jvm.dll+0xc271c]
V  [jvm.dll+0x36cc47]
V  [jvm.dll+0x339b13]
V  [jvm.dll+0x338eea]
V  [jvm.dll+0x2189c5]
V  [jvm.dll+0x217b6a]
V  [jvm.dll+0x194370]
V  [jvm.dll+0x226b3f]
V  [jvm.dll+0x225148]
V  [jvm.dll+0x73774d]
V  [jvm.dll+0x633942]
C  [ucrtbase.dll+0x21bb2]
C  [KERNEL32.DLL+0x17034]
C  [ntdll.dll+0x52651]


---------------  P R O C E S S  ---------------

Threads class SMR info:
_java_thread_list=0x0000020b63aea2b0, length=12, elements={
0x0000020b3f5a8800, 0x0000020b62db0000, 0x0000020b62db2800, 0x0000020b63742800,
0x0000020b62dd0000, 0x0000020b62dd2000, 0x0000020b62dd6000, 0x0000020b637b1800,
0x0000020b638b8800, 0x0000020b63a2b000, 0x0000020b63a2c000, 0x0000020b63aec800
}

Java Threads: ( => current thread )
  0x0000020b3f5a8800 JavaThread "main" [_thread_in_native, id=640, stack(0x0000005cc2f00000,0x0000005cc3000000)]
  0x0000020b62db0000 JavaThread "Reference Handler" daemon [_thread_blocked, id=3476, stack(0x0000005cc3600000,0x0000005cc3700000)]
  0x0000020b62db2800 JavaThread "Finalizer" daemon [_thread_blocked, id=9744, stack(0x0000005cc3700000,0x0000005cc3800000)]
  0x0000020b63742800 JavaThread "Signal Dispatcher" daemon [_thread_blocked, id=13876, stack(0x0000005cc3800000,0x0000005cc3900000)]
  0x0000020b62dd0000 JavaThread "Attach Listener" daemon [_thread_blocked, id=7616, stack(0x0000005cc3900000,0x0000005cc3a00000)]
  0x0000020b62dd2000 JavaThread "C2 CompilerThread0" daemon [_thread_blocked, id=7736, stack(0x0000005cc3a00000,0x0000005cc3b00000)]
  0x0000020b62dd6000 JavaThread "C1 CompilerThread0" daemon [_thread_blocked, id=14064, stack(0x0000005cc3b00000,0x0000005cc3c00000)]
  0x0000020b637b1800 JavaThread "Sweeper thread" daemon [_thread_blocked, id=9424, stack(0x0000005cc3c00000,0x0000005cc3d00000)]
  0x0000020b638b8800 JavaThread "Common-Cleaner" daemon [_thread_blocked, id=12968, stack(0x0000005cc3d00000,0x0000005cc3e00000)]
  0x0000020b63a2b000 JavaThread "Monitor Ctrl-Break" daemon [_thread_in_native, id=8004, stack(0x0000005cc3e00000,0x0000005cc3f00000)]
  0x0000020b63a2c000 JavaThread "Service Thread" daemon [_thread_blocked, id=11020, stack(0x0000005cc3f00000,0x0000005cc4000000)]
=>0x0000020b63aec800 JavaThread "C2 CompilerThread1" daemon [_thread_in_native, id=8924, stack(0x0000005cc4100000,0x0000005cc4200000)]

Other Threads:
  0x0000020b62d8a800 VMThread "VM Thread" [stack: 0x0000005cc3500000,0x0000005cc3600000] [id=8748]
  0x0000020b63a2d000 WatcherThread [stack: 0x0000005cc4000000,0x0000005cc4100000] [id=8228]
  0x0000020b3f5c1000 GCTaskThread "GC Thread#0" [stack: 0x0000005cc3000000,0x0000005cc3100000] [id=5476]
  0x0000020b3f61d800 ConcurrentGCThread "G1 Main Marker" [stack: 0x0000005cc3100000,0x0000005cc3200000] [id=10636]
  0x0000020b3f61e800 ConcurrentGCThread "G1 Conc#0" [stack: 0x0000005cc3200000,0x0000005cc3300000] [id=1036]
  0x0000020b62bf0800 ConcurrentGCThread "G1 Refine#0" [stack: 0x0000005cc3300000,0x0000005cc3400000] [id=13576]
  0x0000020b62bf1000 ConcurrentGCThread "G1 Young RemSet Sampling" [stack: 0x0000005cc3400000,0x0000005cc3500000] [id=13760]

Threads with active compile tasks:
C2 CompilerThread1 469       4       java.util.HashMap::putVal (300 bytes)

VM state:not at safepoint (normal execution)

VM Mutex/Monitor currently owned by a thread: None

Heap address: 0x0000000700000000, size: 4096 MB, Compressed Oops mode: Zero based, Oop shift amount: 3
Narrow klass base: 0x0000000800000000, Narrow klass shift: 0
Compressed class space size: 1073741824 Address: 0x0000000800000000

Heap:
 garbage-first heap   total 98304K, used 4096K [0x0000000700000000, 0x0000000800000000)
  region size 1024K, 6 young (6144K), 0 survivors (0K)
 Metaspace       used 7918K, capacity 8092K, committed 8320K, reserved 1058816K
  class space    used 716K, capacity 785K, committed 896K, reserved 1048576K
Heap Regions: E=young(eden), S=young(survivor), O=old, HS=humongous(starts), HC=humongous(continues), CS=collection set, F=free, A=archive, TAMS=top-at-mark-start (previous, next)
|   0|0x0000000700000000, 0x0000000700000000, 0x0000000700100000|  0%| F|  |TAMS 0x0000000700000000, 0x0000000700000000| Untracked 
|   1|0x0000000700100000, 0x0000000700100000, 0x0000000700200000|  0%| F|  |TAMS 0x0000000700100000, 0x0000000700100000| Untracked 
|   2|0x0000000700200000, 0x0000000700200000, 0x0000000700300000|  0%| F|  |TAMS 0x0000000700200000, 0x0000000700200000| Untracked 
|   3|0x0000000700300000, 0x0000000700300000, 0x0000000700400000|  0%| F|  |TAMS 0x0000000700300000, 0x0000000700300000| Untracked 
|   4|0x0000000700400000, 0x0000000700400000, 0x0000000700500000|  0%| F|  |TAMS 0x0000000700400000, 0x0000000700400000| Untracked 
|   5|0x0000000700500000, 0x0000000700500000, 0x0000000700600000|  0%| F|  |TAMS 0x0000000700500000, 0x0000000700500000| Untracked 
|   6|0x0000000700600000, 0x0000000700600000, 0x0000000700700000|  0%| F|  |TAMS 0x0000000700600000, 0x0000000700600000| Untracked 
|   7|0x0000000700700000, 0x0000000700700000, 0x0000000700800000|  0%| F|  |TAMS 0x0000000700700000, 0x0000000700700000| Untracked 
|   8|0x0000000700800000, 0x0000000700800000, 0x0000000700900000|  0%| F|  |TAMS 0x0000000700800000, 0x0000000700800000| Untracked 
|   9|0x0000000700900000, 0x0000000700900000, 0x0000000700a00000|  0%| F|  |TAMS 0x0000000700900000, 0x0000000700900000| Untracked 
|  10|0x0000000700a00000, 0x0000000700a00000, 0x0000000700b00000|  0%| F|  |TAMS 0x0000000700a00000, 0x0000000700a00000| Untracked 
|  11|0x0000000700b00000, 0x0000000700b00000, 0x0000000700c00000|  0%| F|  |TAMS 0x0000000700b00000, 0x0000000700b00000| Untracked 
|  12|0x0000000700c00000, 0x0000000700c00000, 0x0000000700d00000|  0%| F|  |TAMS 0x0000000700c00000, 0x0000000700c00000| Untracked 
|  13|0x0000000700d00000, 0x0000000700d00000, 0x0000000700e00000|  0%| F|  |TAMS 0x0000000700d00000, 0x0000000700d00000| Untracked 
|  14|0x0000000700e00000, 0x0000000700e00000, 0x0000000700f00000|  0%| F|  |TAMS 0x0000000700e00000, 0x0000000700e00000| Untracked 
|  15|0x0000000700f00000, 0x0000000700f00000, 0x0000000701000000|  0%| F|  |TAMS 0x0000000700f00000, 0x0000000700f00000| Untracked 
|  16|0x0000000701000000, 0x0000000701000000, 0x0000000701100000|  0%| F|  |TAMS 0x0000000701000000, 0x0000000701000000| Untracked 
|  17|0x0000000701100000, 0x0000000701100000, 0x0000000701200000|  0%| F|  |TAMS 0x0000000701100000, 0x0000000701100000| Untracked 
|  18|0x0000000701200000, 0x0000000701200000, 0x0000000701300000|  0%| F|  |TAMS 0x0000000701200000, 0x0000000701200000| Untracked 
|  19|0x0000000701300000, 0x0000000701300000, 0x0000000701400000|  0%| F|  |TAMS 0x0000000701300000, 0x0000000701300000| Untracked 
|  20|0x0000000701400000, 0x0000000701400000, 0x0000000701500000|  0%| F|  |TAMS 0x0000000701400000, 0x0000000701400000| Untracked 
|  21|0x0000000701500000, 0x0000000701500000, 0x0000000701600000|  0%| F|  |TAMS 0x0000000701500000, 0x0000000701500000| Untracked 
|  22|0x0000000701600000, 0x0000000701600000, 0x0000000701700000|  0%| F|  |TAMS 0x0000000701600000, 0x0000000701600000| Untracked 
|  23|0x0000000701700000, 0x0000000701700000, 0x0000000701800000|  0%| F|  |TAMS 0x0000000701700000, 0x0000000701700000| Untracked 
|  24|0x0000000701800000, 0x0000000701800000, 0x0000000701900000|  0%| F|  |TAMS 0x0000000701800000, 0x0000000701800000| Untracked 
|  25|0x0000000701900000, 0x0000000701900000, 0x0000000701a00000|  0%| F|  |TAMS 0x0000000701900000, 0x0000000701900000| Untracked 
|  26|0x0000000701a00000, 0x0000000701a00000, 0x0000000701b00000|  0%| F|  |TAMS 0x0000000701a00000, 0x0000000701a00000| Untracked 
|  27|0x0000000701b00000, 0x0000000701b00000, 0x0000000701c00000|  0%| F|  |TAMS 0x0000000701b00000, 0x0000000701b00000| Untracked 
|  28|0x0000000701c00000, 0x0000000701c00000, 0x0000000701d00000|  0%| F|  |TAMS 0x0000000701c00000, 0x0000000701c00000| Untracked 
|  29|0x0000000701d00000, 0x0000000701d00000, 0x0000000701e00000|  0%| F|  |TAMS 0x0000000701d00000, 0x0000000701d00000| Untracked 
|  30|0x0000000701e00000, 0x0000000701e00000, 0x0000000701f00000|  0%| F|  |TAMS 0x0000000701e00000, 0x0000000701e00000| Untracked 
|  31|0x0000000701f00000, 0x0000000701f00000, 0x0000000702000000|  0%| F|  |TAMS 0x0000000701f00000, 0x0000000701f00000| Untracked 
|  32|0x0000000702000000, 0x0000000702000000, 0x0000000702100000|  0%| F|  |TAMS 0x0000000702000000, 0x0000000702000000| Untracked 
|  33|0x0000000702100000, 0x0000000702100000, 0x0000000702200000|  0%| F|  |TAMS 0x0000000702100000, 0x0000000702100000| Untracked 
|  34|0x0000000702200000, 0x0000000702200000, 0x0000000702300000|  0%| F|  |TAMS 0x0000000702200000, 0x0000000702200000| Untracked 
|  35|0x0000000702300000, 0x0000000702300000, 0x0000000702400000|  0%| F|  |TAMS 0x0000000702300000, 0x0000000702300000| Untracked 
|  36|0x0000000702400000, 0x0000000702400000, 0x0000000702500000|  0%| F|  |TAMS 0x0000000702400000, 0x0000000702400000| Untracked 
|  37|0x0000000702500000, 0x0000000702500000, 0x0000000702600000|  0%| F|  |TAMS 0x0000000702500000, 0x0000000702500000| Untracked 
|  38|0x0000000702600000, 0x0000000702600000, 0x0000000702700000|  0%| F|  |TAMS 0x0000000702600000, 0x0000000702600000| Untracked 
|  39|0x0000000702700000, 0x0000000702700000, 0x0000000702800000|  0%| F|  |TAMS 0x0000000702700000, 0x0000000702700000| Untracked 
|  40|0x0000000702800000, 0x0000000702800000, 0x0000000702900000|  0%| F|  |TAMS 0x0000000702800000, 0x0000000702800000| Untracked 
|  41|0x0000000702900000, 0x0000000702900000, 0x0000000702a00000|  0%| F|  |TAMS 0x0000000702900000, 0x0000000702900000| Untracked 
|  42|0x0000000702a00000, 0x0000000702a00000, 0x0000000702b00000|  0%| F|  |TAMS 0x0000000702a00000, 0x0000000702a00000| Untracked 
|  43|0x0000000702b00000, 0x0000000702b00000, 0x0000000702c00000|  0%| F|  |TAMS 0x0000000702b00000, 0x0000000702b00000| Untracked 
|  44|0x0000000702c00000, 0x0000000702c00000, 0x0000000702d00000|  0%| F|  |TAMS 0x0000000702c00000, 0x0000000702c00000| Untracked 
|  45|0x0000000702d00000, 0x0000000702d00000, 0x0000000702e00000|  0%| F|  |TAMS 0x0000000702d00000, 0x0000000702d00000| Untracked 
|  46|0x0000000702e00000, 0x0000000702e00000, 0x0000000702f00000|  0%| F|  |TAMS 0x0000000702e00000, 0x0000000702e00000| Untracked 
|  47|0x0000000702f00000, 0x0000000702f00000, 0x0000000703000000|  0%| F|  |TAMS 0x0000000702f00000, 0x0000000702f00000| Untracked 
|  48|0x0000000703000000, 0x0000000703000000, 0x0000000703100000|  0%| F|  |TAMS 0x0000000703000000, 0x0000000703000000| Untracked 
|  49|0x0000000703100000, 0x0000000703100000, 0x0000000703200000|  0%| F|  |TAMS 0x0000000703100000, 0x0000000703100000| Untracked 
|  50|0x0000000703200000, 0x0000000703200000, 0x0000000703300000|  0%| F|  |TAMS 0x0000000703200000, 0x0000000703200000| Untracked 
|  51|0x0000000703300000, 0x0000000703300000, 0x0000000703400000|  0%| F|  |TAMS 0x0000000703300000, 0x0000000703300000| Untracked 
|  52|0x0000000703400000, 0x0000000703400000, 0x0000000703500000|  0%| F|  |TAMS 0x0000000703400000, 0x0000000703400000| Untracked 
|  53|0x0000000703500000, 0x0000000703500000, 0x0000000703600000|  0%| F|  |TAMS 0x0000000703500000, 0x0000000703500000| Untracked 
|  54|0x0000000703600000, 0x0000000703600000, 0x0000000703700000|  0%| F|  |TAMS 0x0000000703600000, 0x0000000703600000| Untracked 
|  55|0x0000000703700000, 0x0000000703700000, 0x0000000703800000|  0%| F|  |TAMS 0x0000000703700000, 0x0000000703700000| Untracked 
|  56|0x0000000703800000, 0x0000000703800000, 0x0000000703900000|  0%| F|  |TAMS 0x0000000703800000, 0x0000000703800000| Untracked 
|  57|0x0000000703900000, 0x0000000703900000, 0x0000000703a00000|  0%| F|  |TAMS 0x0000000703900000, 0x0000000703900000| Untracked 
|  58|0x0000000703a00000, 0x0000000703a00000, 0x0000000703b00000|  0%| F|  |TAMS 0x0000000703a00000, 0x0000000703a00000| Untracked 
|  59|0x0000000703b00000, 0x0000000703b00000, 0x0000000703c00000|  0%| F|  |TAMS 0x0000000703b00000, 0x0000000703b00000| Untracked 
|  60|0x0000000703c00000, 0x0000000703c00000, 0x0000000703d00000|  0%| F|  |TAMS 0x0000000703c00000, 0x0000000703c00000| Untracked 
|  61|0x0000000703d00000, 0x0000000703d00000, 0x0000000703e00000|  0%| F|  |TAMS 0x0000000703d00000, 0x0000000703d00000| Untracked 
|  62|0x0000000703e00000, 0x0000000703e00000, 0x0000000703f00000|  0%| F|  |TAMS 0x0000000703e00000, 0x0000000703e00000| Untracked 
|  63|0x0000000703f00000, 0x0000000703f00000, 0x0000000704000000|  0%| F|  |TAMS 0x0000000703f00000, 0x0000000703f00000| Untracked 
|  64|0x0000000704000000, 0x0000000704000000, 0x0000000704100000|  0%| F|  |TAMS 0x0000000704000000, 0x0000000704000000| Untracked 
|  65|0x0000000704100000, 0x0000000704100000, 0x0000000704200000|  0%| F|  |TAMS 0x0000000704100000, 0x0000000704100000| Untracked 
|  66|0x0000000704200000, 0x0000000704200000, 0x0000000704300000|  0%| F|  |TAMS 0x0000000704200000, 0x0000000704200000| Untracked 
|  67|0x0000000704300000, 0x0000000704300000, 0x0000000704400000|  0%| F|  |TAMS 0x0000000704300000, 0x0000000704300000| Untracked 
|  68|0x0000000704400000, 0x0000000704400000, 0x0000000704500000|  0%| F|  |TAMS 0x0000000704400000, 0x0000000704400000| Untracked 
|  69|0x0000000704500000, 0x0000000704500000, 0x0000000704600000|  0%| F|  |TAMS 0x0000000704500000, 0x0000000704500000| Untracked 
|  70|0x0000000704600000, 0x0000000704600000, 0x0000000704700000|  0%| F|  |TAMS 0x0000000704600000, 0x0000000704600000| Untracked 
|  71|0x0000000704700000, 0x0000000704700000, 0x0000000704800000|  0%| F|  |TAMS 0x0000000704700000, 0x0000000704700000| Untracked 
|  72|0x0000000704800000, 0x0000000704800000, 0x0000000704900000|  0%| F|  |TAMS 0x0000000704800000, 0x0000000704800000| Untracked 
|  73|0x0000000704900000, 0x0000000704900000, 0x0000000704a00000|  0%| F|  |TAMS 0x0000000704900000, 0x0000000704900000| Untracked 
|  74|0x0000000704a00000, 0x0000000704a00000, 0x0000000704b00000|  0%| F|  |TAMS 0x0000000704a00000, 0x0000000704a00000| Untracked 
|  75|0x0000000704b00000, 0x0000000704b00000, 0x0000000704c00000|  0%| F|  |TAMS 0x0000000704b00000, 0x0000000704b00000| Untracked 
|  76|0x0000000704c00000, 0x0000000704c00000, 0x0000000704d00000|  0%| F|  |TAMS 0x0000000704c00000, 0x0000000704c00000| Untracked 
|  77|0x0000000704d00000, 0x0000000704d00000, 0x0000000704e00000|  0%| F|  |TAMS 0x0000000704d00000, 0x0000000704d00000| Untracked 
|  78|0x0000000704e00000, 0x0000000704e00000, 0x0000000704f00000|  0%| F|  |TAMS 0x0000000704e00000, 0x0000000704e00000| Untracked 
|  79|0x0000000704f00000, 0x0000000704f00000, 0x0000000705000000|  0%| F|  |TAMS 0x0000000704f00000, 0x0000000704f00000| Untracked 
|  80|0x0000000705000000, 0x0000000705000000, 0x0000000705100000|  0%| F|  |TAMS 0x0000000705000000, 0x0000000705000000| Untracked 
|  81|0x0000000705100000, 0x0000000705100000, 0x0000000705200000|  0%| F|  |TAMS 0x0000000705100000, 0x0000000705100000| Untracked 
|  82|0x0000000705200000, 0x0000000705200000, 0x0000000705300000|  0%| F|  |TAMS 0x0000000705200000, 0x0000000705200000| Untracked 
|  83|0x0000000705300000, 0x0000000705300000, 0x0000000705400000|  0%| F|  |TAMS 0x0000000705300000, 0x0000000705300000| Untracked 
|  84|0x0000000705400000, 0x0000000705400000, 0x0000000705500000|  0%| F|  |TAMS 0x0000000705400000, 0x0000000705400000| Untracked 
|  85|0x0000000705500000, 0x0000000705500000, 0x0000000705600000|  0%| F|  |TAMS 0x0000000705500000, 0x0000000705500000| Untracked 
|  86|0x0000000705600000, 0x0000000705600000, 0x0000000705700000|  0%| F|  |TAMS 0x0000000705600000, 0x0000000705600000| Untracked 
|  87|0x0000000705700000, 0x0000000705700000, 0x0000000705800000|  0%| F|  |TAMS 0x0000000705700000, 0x0000000705700000| Untracked 
|  88|0x0000000705800000, 0x0000000705800000, 0x0000000705900000|  0%| F|  |TAMS 0x0000000705800000, 0x0000000705800000| Untracked 
|  89|0x0000000705900000, 0x0000000705900000, 0x0000000705a00000|  0%| F|  |TAMS 0x0000000705900000, 0x0000000705900000| Untracked 
|  90|0x0000000705a00000, 0x0000000705a73fb0, 0x0000000705b00000| 45%| E|  |TAMS 0x0000000705a00000, 0x0000000705a00000| Complete 
|  91|0x0000000705b00000, 0x0000000705c00000, 0x0000000705c00000|100%| E|  |TAMS 0x0000000705b00000, 0x0000000705b00000| Complete 
|  92|0x0000000705c00000, 0x0000000705d00000, 0x0000000705d00000|100%| E|CS|TAMS 0x0000000705c00000, 0x0000000705c00000| Complete 
|  93|0x0000000705d00000, 0x0000000705e00000, 0x0000000705e00000|100%| E|CS|TAMS 0x0000000705d00000, 0x0000000705d00000| Complete 
|  94|0x0000000705e00000, 0x0000000705f00000, 0x0000000705f00000|100%| E|CS|TAMS 0x0000000705e00000, 0x0000000705e00000| Complete 
|  95|0x0000000705f00000, 0x0000000706000000, 0x0000000706000000|100%| E|CS|TAMS 0x0000000705f00000, 0x0000000705f00000| Complete 

Card table byte_map: [0x0000020b57710000,0x0000020b57f10000] _byte_map_base: 0x0000020b53f10000

Marking Bits (Prev, Next): (CMBitMap*) 0x0000020b3f60c978, (CMBitMap*) 0x0000020b3f60c9b0
 Prev Bits: [0x0000020b58710000, 0x0000020b5c710000)
 Next Bits: [0x0000020b5c710000, 0x0000020b60710000)

Polling page: 0x0000020b3f560000

Metaspace:

Usage:
  Non-class:      7.14 MB capacity,     7.03 MB ( 99%) used,    98.76 KB (  1%) free+waste,     6.13 KB ( <1%) overhead. 
      Class:    785.00 KB capacity,   716.54 KB ( 91%) used,    65.40 KB (  8%) free+waste,     3.06 KB ( <1%) overhead. 
       Both:      7.90 MB capacity,     7.73 MB ( 98%) used,   164.16 KB (  2%) free+waste,     9.19 KB ( <1%) overhead. 

Virtual space:
  Non-class space:       10.00 MB reserved,       7.25 MB ( 73%) committed 
      Class space:        1.00 GB reserved,     896.00 KB ( <1%) committed 
             Both:        1.01 GB reserved,       8.13 MB ( <1%) committed 

Chunk freelists:
   Non-Class:  6.63 KB
       Class:  1.88 KB
        Both:  8.50 KB

CodeHeap 'non-profiled nmethods': size=120064Kb used=144Kb max_used=144Kb free=119919Kb
 bounds [0x0000020b4f390000, 0x0000020b4f600000, 0x0000020b568d0000]
CodeHeap 'profiled nmethods': size=120000Kb used=658Kb max_used=658Kb free=119341Kb
 bounds [0x0000020b47e60000, 0x0000020b480d0000, 0x0000020b4f390000]
CodeHeap 'non-nmethods': size=5696Kb used=1070Kb max_used=1088Kb free=4625Kb
 bounds [0x0000020b478d0000, 0x0000020b47b40000, 0x0000020b47e60000]
 total_blobs=966 nmethods=478 adapters=267
 compilation: enabled
              stopped_count=0, restarted_count=0
 full_count=0

Compilation events (10 events):
Event: 0.752 Thread 0x0000020b62dd6000  476   !   3       java.lang.invoke.MemberName::getMethodType (203 bytes)
Event: 0.754 Thread 0x0000020b62dd6000 nmethod 476 0x0000020b47f00090 code [0x0000020b47f00380, 0x0000020b47f01a60]
Event: 0.754 Thread 0x0000020b62dd6000  474       3       java.lang.invoke.MethodType$ConcurrentWeakInternSet$WeakEntry::<init> (14 bytes)
Event: 0.754 Thread 0x0000020b62dd6000 nmethod 474 0x0000020b47f02010 code [0x0000020b47f02200, 0x0000020b47f026b0]
Event: 0.754 Thread 0x0000020b62dd6000  477       3       java.lang.invoke.MethodType::equals (29 bytes)
Event: 0.755 Thread 0x0000020b62dd6000 nmethod 477 0x0000020b47f02810 code [0x0000020b47f02a00, 0x0000020b47f02f70]
Event: 0.762 Thread 0x0000020b62dd6000  478       3       java.util.concurrent.ConcurrentHashMap$Traverser::advance (188 bytes)
Event: 0.763 Thread 0x0000020b62dd6000 nmethod 478 0x0000020b47f03090 code [0x0000020b47f03300, 0x0000020b47f041a0]
Event: 0.763 Thread 0x0000020b62dd6000  479       3       java.lang.Integer::reverseBytes (26 bytes)
Event: 0.763 Thread 0x0000020b62dd6000 nmethod 479 0x0000020b47f04490 code [0x0000020b47f04640, 0x0000020b47f047b8]

GC Heap History (0 events):
No events

Deoptimization events (5 events):
Event: 0.711 Thread 0x0000020b3f5a8800 Uncommon trap: reason=unstable_if action=reinterpret pc=0x0000020b4f3ab040 method=java.util.zip.ZipFile$Source.isMetaName([BII)Z @ 43 c2
Event: 0.746 Thread 0x0000020b3f5a8800 Uncommon trap: reason=class_check action=maybe_recompile pc=0x0000020b4f39e168 method=java.util.HashMap.putVal(ILjava/lang/Object;Ljava/lang/Object;ZZ)Ljava/lang/Object; @ 253 c2
Event: 0.746 Thread 0x0000020b3f5a8800 Uncommon trap: reason=class_check action=maybe_recompile pc=0x0000020b4f39e168 method=java.util.HashMap.putVal(ILjava/lang/Object;Ljava/lang/Object;ZZ)Ljava/lang/Object; @ 253 c2
Event: 0.746 Thread 0x0000020b3f5a8800 Uncommon trap: reason=class_check action=maybe_recompile pc=0x0000020b4f39e168 method=java.util.HashMap.putVal(ILjava/lang/Object;Ljava/lang/Object;ZZ)Ljava/lang/Object; @ 253 c2
Event: 0.746 Thread 0x0000020b3f5a8800 Uncommon trap: reason=class_check action=maybe_recompile pc=0x0000020b4f39e168 method=java.util.HashMap.putVal(ILjava/lang/Object;Ljava/lang/Object;ZZ)Ljava/lang/Object; @ 253 c2

Classes redefined (0 events):
No events

Internal exceptions (4 events):
Event: 0.490 Thread 0x0000020b3f5a8800 Exception <a 'java/security/PrivilegedActionException'{0x0000000705ecd4e8}> (0x0000000705ecd4e8) thrown at [t:/workspace/open/src/hotspot/share/prims/jvm.cpp, line 1307]
Event: 0.490 Thread 0x0000020b3f5a8800 Exception <a 'java/security/PrivilegedActionException'{0x0000000705ecd7b8}> (0x0000000705ecd7b8) thrown at [t:/workspace/open/src/hotspot/share/prims/jvm.cpp, line 1307]
Event: 0.655 Thread 0x0000020b3f5a8800 Exception <a 'java/lang/NoSuchMethodError'{0x0000000705b2e708}: java.lang.invoke.DirectMethodHandle$Holder.invokeSpecialIFC(Ljava/lang/Object;Ljava/lang/Object;I)I> (0x0000000705b2e708) thrown at [t:/workspace/open/src/hotspot/share/interpreter/linkResolv
Event: 0.751 Thread 0x0000020b3f5a8800 Exception <a 'java/lang/NoSuchMethodError'{0x0000000705a4e8c8}: java.lang.invoke.DirectMethodHandle$Holder.invokeStaticInit(Ljava/lang/Object;IIII)Ljava/lang/Object;> (0x0000000705a4e8c8) thrown at [t:/workspace/open/src/hotspot/share/interpreter/linkReso

Events (10 events):
Event: 0.762 loading class sun/security/provider/DigestBase done
Event: 0.762 loading class sun/security/provider/SHA done
Event: 0.762 loading class java/security/MessageDigest$Delegate
Event: 0.762 loading class sun/security/util/MessageDigestSpi2
Event: 0.762 loading class sun/security/util/MessageDigestSpi2 done
Event: 0.762 loading class java/security/MessageDigest$Delegate done
Event: 0.762 loading class sun/security/provider/SeedGenerator$1
Event: 0.762 loading class sun/security/provider/SeedGenerator$1 done
Event: 0.762 loading class sun/security/provider/ByteArrayAccess
Event: 0.762 loading class sun/security/provider/ByteArrayAccess done


Dynamic libraries:
0x00007ff6d7480000 - 0x00007ff6d74c5000 	C:\Program Files\Java\jdk-11.0.2\bin\java.exe
0x00007ffae5230000 - 0x00007ffae5425000 	C:\WINDOWS\SYSTEM32\ntdll.dll
0x00007ffae45f0000 - 0x00007ffae46ae000 	C:\WINDOWS\System32\KERNEL32.DLL
0x00007ffae2970000 - 0x00007ffae2c38000 	C:\WINDOWS\System32\KERNELBASE.dll
0x00007ffae3730000 - 0x00007ffae38d0000 	C:\WINDOWS\System32\USER32.dll
0x00007ffae2940000 - 0x00007ffae2962000 	C:\WINDOWS\System32\win32u.dll
0x00007ffae3e20000 - 0x00007ffae3e4b000 	C:\WINDOWS\System32\GDI32.dll
0x00007ffae2d60000 - 0x00007ffae2e6d000 	C:\WINDOWS\System32\gdi32full.dll
0x00007ffae2fa0000 - 0x00007ffae303d000 	C:\WINDOWS\System32\msvcp_win.dll
0x00007ffae2e70000 - 0x00007ffae2f70000 	C:\WINDOWS\System32\ucrtbase.dll
0x00007ffac4790000 - 0x00007ffac4a2a000 	C:\WINDOWS\WinSxS\amd64_microsoft.windows.common-controls_6595b64144ccf1df_6.0.19041.1110_none_60b5254171f9507e\COMCTL32.dll
0x00007ffae4720000 - 0x00007ffae47be000 	C:\WINDOWS\System32\msvcrt.dll
0x00007ffae3f40000 - 0x00007ffae3f70000 	C:\WINDOWS\System32\IMM32.DLL
0x00007fface4d0000 - 0x00007fface4e6000 	C:\Program Files\Java\jdk-11.0.2\bin\vcruntime140.dll
0x00007ffacab90000 - 0x00007ffacac3a000 	C:\Program Files\Java\jdk-11.0.2\bin\msvcp140.dll
0x00007ffaa9c40000 - 0x00007ffaaa763000 	C:\Program Files\Java\jdk-11.0.2\bin\server\jvm.dll
0x00007ffae3f70000 - 0x00007ffae401e000 	C:\WINDOWS\System32\ADVAPI32.dll
0x00007ffae3690000 - 0x00007ffae372c000 	C:\WINDOWS\System32\sechost.dll
0x00007ffae3550000 - 0x00007ffae3675000 	C:\WINDOWS\System32\RPCRT4.dll
0x00007ffae4710000 - 0x00007ffae4718000 	C:\WINDOWS\System32\PSAPI.DLL
0x00007ffade630000 - 0x00007ffade639000 	C:\WINDOWS\SYSTEM32\WSOCK32.dll
0x00007ffae47c0000 - 0x00007ffae482b000 	C:\WINDOWS\System32\WS2_32.dll
0x00007ffada360000 - 0x00007ffada36a000 	C:\WINDOWS\SYSTEM32\VERSION.dll
0x00007ffad1490000 - 0x00007ffad14b7000 	C:\WINDOWS\SYSTEM32\WINMM.dll
0x00007ffae0830000 - 0x00007ffae0842000 	C:\WINDOWS\SYSTEM32\kernel.appcore.dll
0x00007fface180000 - 0x00007fface191000 	C:\Program Files\Java\jdk-11.0.2\bin\verify.dll
0x00007ffade200000 - 0x00007ffade3e4000 	C:\WINDOWS\SYSTEM32\DBGHELP.DLL
0x00007ffad6160000 - 0x00007ffad618c000 	C:\WINDOWS\SYSTEM32\dbgcore.DLL
0x00007ffae3090000 - 0x00007ffae3112000 	C:\WINDOWS\System32\bcryptPrimitives.dll
0x00007ffacdeb0000 - 0x00007ffacded8000 	C:\Program Files\Java\jdk-11.0.2\bin\java.dll
0x00007ffacde80000 - 0x00007ffacdeaf000 	C:\Program Files\Java\jdk-11.0.2\bin\instrument.dll
0x00007ffacde60000 - 0x00007ffacde76000 	C:\Program Files\Java\jdk-11.0.2\bin\zip.dll
0x00007ffadaf20000 - 0x00007ffadaf2a000 	C:\Program Files\Java\jdk-11.0.2\bin\jimage.dll
0x00007ffae4a40000 - 0x00007ffae5184000 	C:\WINDOWS\System32\SHELL32.dll
0x00007ffae0a30000 - 0x00007ffae11c4000 	C:\WINDOWS\SYSTEM32\windows.storage.dll
0x00007ffae40f0000 - 0x00007ffae4445000 	C:\WINDOWS\System32\combase.dll
0x00007ffae2390000 - 0x00007ffae23be000 	C:\WINDOWS\SYSTEM32\Wldp.dll
0x00007ffae33c0000 - 0x00007ffae346d000 	C:\WINDOWS\System32\SHCORE.dll
0x00007ffae46b0000 - 0x00007ffae4705000 	C:\WINDOWS\System32\shlwapi.dll
0x00007ffae2880000 - 0x00007ffae289f000 	C:\WINDOWS\SYSTEM32\profapi.dll
0x00007ffacde40000 - 0x00007ffacde59000 	C:\Program Files\Java\jdk-11.0.2\bin\net.dll
0x00007ffad67a0000 - 0x00007ffad68ac000 	C:\WINDOWS\SYSTEM32\WINHTTP.dll
0x00007ffad2c50000 - 0x00007ffad2e3b000 	C:\WINDOWS\SYSTEM32\urlmon.dll
0x00007ffad1860000 - 0x00007ffad1b11000 	C:\WINDOWS\SYSTEM32\iertutil.dll
0x00007ffad5f00000 - 0x00007ffad5f28000 	C:\WINDOWS\SYSTEM32\srvcli.dll
0x00007ffae1ea0000 - 0x00007ffae1eac000 	C:\WINDOWS\SYSTEM32\netutils.dll
0x00007ffae20f0000 - 0x00007ffae215a000 	C:\WINDOWS\system32\mswsock.dll
0x00007ffacdde0000 - 0x00007ffacddf3000 	C:\Program Files\Java\jdk-11.0.2\bin\nio.dll
0x00007ffacddc0000 - 0x00007ffacddda000 	C:\Program Files\JetBrains\IntelliJ IDEA 2021.2.2\bin\breakgen64.dll
0x00007ffae22e0000 - 0x00007ffae22f8000 	C:\WINDOWS\SYSTEM32\CRYPTSP.dll
0x00007ffae1a00000 - 0x00007ffae1a34000 	C:\WINDOWS\system32\rsaenh.dll
0x00007ffae2f70000 - 0x00007ffae2f97000 	C:\WINDOWS\System32\bcrypt.dll
0x00007ffae2800000 - 0x00007ffae282e000 	C:\WINDOWS\SYSTEM32\USERENV.dll
0x00007ffae2300000 - 0x00007ffae230c000 	C:\WINDOWS\SYSTEM32\CRYPTBASE.dll

dbghelp: loaded successfully - version: 4.0.5 - missing functions: none
symbol engine: initialized successfully - sym options: 0x614 - pdb path: .;C:\Program Files\Java\jdk-11.0.2\bin;C:\WINDOWS\SYSTEM32;C:\WINDOWS\WinSxS\amd64_microsoft.windows.common-controls_6595b64144ccf1df_6.0.19041.1110_none_60b5254171f9507e;C:\Program Files\Java\jdk-11.0.2\bin\server;C:\Program Files\JetBrains\IntelliJ IDEA 2021.2.2\bin

VM Arguments:
jvm_args: -Dmaven.multiModuleProjectDirectory=D:\java\geekBrains\Spring Framework\homeWork\spring-the-first -Xmx4096M -Dmaven.home=C:\Program Files\JetBrains\IntelliJ IDEA 2021.2.2\plugins\maven\lib\maven3 -Dclassworlds.conf=C:\Program Files\JetBrains\IntelliJ IDEA 2021.2.2\plugins\maven\lib\maven3\bin\m2.conf -Dmaven.ext.class.path=C:\Program Files\JetBrains\IntelliJ IDEA 2021.2.2\plugins\maven\lib\maven-event-listener.jar -javaagent:C:\Program Files\JetBrains\IntelliJ IDEA 2021.2.2\lib\idea_rt.jar=62713:C:\Program Files\JetBrains\IntelliJ IDEA 2021.2.2\bin -Dfile.encoding=UTF-8 
java_command: org.codehaus.classworlds.Launcher -Didea.version=2021.2.2 clean install tomcat7:redeploy
java_class_path (initial): C:\Program Files\JetBrains\IntelliJ IDEA 2021.2.2\plugins\maven\lib\maven3\boot\plexus-classworlds-2.6.0.jar;C:\Program Files\JetBrains\IntelliJ IDEA 2021.2.2\plugins\maven\lib\maven3\boot\plexus-classworlds.license
Launcher Type: SUN_STANDARD

[Global flags]
     intx CICompilerCount                          = 3                                         {product} {ergonomic}
     uint ConcGCThreads                            = 1                                         {product} {ergonomic}
     uint G1ConcRefinementThreads                  = 4                                         {product} {ergonomic}
   size_t G1HeapRegionSize                         = 1048576                                   {product} {ergonomic}
    uintx GCDrainStackTargetSize                   = 64                                        {product} {ergonomic}
   size_t InitialHeapSize                          = 100663296                                 {product} {ergonomic}
   size_t MarkStackSize                            = 4194304                                   {product} {ergonomic}
   size_t MaxHeapSize                              = 4294967296                                {product} {command line}
   size_t MaxNewSize                               = 2576351232                                {product} {ergonomic}
   size_t MinHeapDeltaBytes                        = 1048576                                   {product} {ergonomic}
    uintx NonNMethodCodeHeapSize                   = 5830092                                {pd product} {ergonomic}
    uintx NonProfiledCodeHeapSize                  = 122914074                              {pd product} {ergonomic}
    uintx ProfiledCodeHeapSize                     = 122914074                              {pd product} {ergonomic}
    uintx ReservedCodeCacheSize                    = 251658240                              {pd product} {ergonomic}
     bool SegmentedCodeCache                       = true                                      {product} {ergonomic}
     bool UseCompressedClassPointers               = true                                 {lp64_product} {ergonomic}
     bool UseCompressedOops                        = true                                 {lp64_product} {ergonomic}
     bool UseG1GC                                  = true                                      {product} {ergonomic}
     bool UseLargePagesIndividualAllocation        = false                                  {pd product} {ergonomic}

Logging:
Log output configuration:
 #0: stdout all=warning uptime,level,tags
 #1: stderr all=off uptime,level,tags

Environment Variables:
JAVA_HOME=C:\Java\jre8u231
CLASSPATH=C:\Lindoapi\lib\win64\lindo8_0.jar;C:\Program Files\LINGO64_16\Lingo16.jar;C:\Program Files (x86)\LINGO11\Lingo11.jar
PATH=C:\Program Files\Common Files\Oracle\Java\javapath;C:\Program Files (x86)\Common Files\Oracle\Java\javapath;C:\oraclexe\app\oracle\product\11.2.0\server\bin;C:\Lindoapi\bin\win64;C:\WINDOWS\system32;C:\WINDOWS;C:\WINDOWS\System32\Wbem;C:\WINDOWS\System32\WindowsPowerShell\v1.0\;C:\Program Files (x86)\Common Files\Adobe\AGL;C:\Program Files (x86)\Microsoft SQL Server\90\Tools\binn\;C:\Program Files\LINGO64_16\;C:\Program Files (x86)\LINGO11\;C:\Program Files (x86)\Common Files\Autodesk Shared\;C:\Program Files (x86)\backburner 2\;C:\Program Files\Common Files\Autodesk Shared\;C:\WINDOWS\System32\OpenSSH\;C:\Program Files\Git\cmd;C:\Program Files\PuTTY\;C:\Program Files (x86)\GitExtensions\;C:\Users\MyUser\AppData\Local\Microsoft\WindowsApps;C:\Users\MyUser\AppData\Local\Programs\Microsoft VS Code\bin;C:\Java\jre8u231\bin\;C:\Java\apache-maven-3.2.3\bin\;
USERNAME=MyUser
OS=Windows_NT
PROCESSOR_IDENTIFIER=Intel64 Family 6 Model 69 Stepping 1, GenuineIntel



---------------  S Y S T E M  ---------------

OS: Windows 10 , 64 bit Build 19041 (10.0.19041.1503)

CPU:total 4 (initial active 4) (2 cores per cpu, 2 threads per core) family 6 model 69 stepping 1, cmov, cx8, fxsr, mmx, sse, sse2, sse3, ssse3, sse4.1, sse4.2, popcnt, avx, avx2, aes, clmul, erms, lzcnt, ht, tsc, tscinvbit, bmi1, bmi2, fma

Memory: 4k page, system-wide physical 6027M (429M free)
TotalPageFile size 10123M (AvailPageFile size 3M)
current process WorkingSet (physical memory assigned to process): 44M, peak: 44M
current process commit charge ("private bytes"): 170M, peak: 171M

vm_info: OpenJDK 64-Bit Server VM (11.0.2+9) for windows-amd64 JRE (11.0.2+9), built on Jan 18 2019 05:23:22 by "mach5one" with MS VC++ 15.5 (VS2017)

END.
